I0623 14:49:05.725900   162 mem_tracker.cc:912] Long wait for safe op id
I0623 14:49:05.725900   162 mem_tracker.cc:912] Long wait for safe op id
I0623 14:49:05.725900   162 mem_tracker.cc:912] Long wait for safe op id
I0623 14:49:05.725900   162 mem_tracker.cc:912] Long wait for safe op id
I0623 14:49:05.725900   162 mem_tracker.cc:912] Long wait for safe op id
I0623 14:49:05.725900   162 mem_tracker.cc:912] Long wait for safe op id
I0623 15:49:05.725900   162 mem_tracker.cc:912] Long wait for safe op id
I0623 15:49:05.725900   162 mem_tracker.cc:912] Long wait for safe op id
I0623 15:49:05.725900   162 mem_tracker.cc:912] Long wait for safe op id
I0623 15:49:05.725900   162 mem_tracker.cc:912] Long wait for safe op id
I0623 15:49:05.725900   162 mem_tracker.cc:912] Long wait for safe op id
I0623 15:49:05.725900   162 mem_tracker.cc:912] Long wait for safe op id
I0623 16:49:05.725900   162 mem_tracker.cc:912] Long wait for safe op id
I0623 16:49:05.725900   162 mem_tracker.cc:912] Long wait for safe op id
I0623 16:49:05.725900   162 mem_tracker.cc:912] Long wait for safe op id
I0623 16:49:05.725900   162 mem_tracker.cc:912] Long wait for safe op id
I0623 16:49:05.725900   162 mem_tracker.cc:912] Long wait for safe op id
I0623 16:49:05.725900   162 mem_tracker.cc:912] Long wait for safe op id
I0623 17:49:05.725900   162 mem_tracker.cc:912] Long wait for safe op id
I0623 17:49:05.725900   162 mem_tracker.cc:912] Long wait for safe op id
I0623 17:49:05.725900   162 mem_tracker.cc:912] Long wait for safe op id
I0623 17:49:05.725900   162 mem_tracker.cc:912] Long wait for safe op id
I0623 17:49:05.725900   162 mem_tracker.cc:912] Long wait for safe op id
I0623 17:49:05.725900   162 mem_tracker.cc:912] Long wait for safe op id
I0623 14:49:05.725900   162 mem_tracker.cc:912] Long wait for safe op id
I0623 14:49:05.725900   162 mem_tracker.cc:912] Long wait for safe op id
I0623 14:49:05.725900   162 mem_tracker.cc:912] Long wait for safe op id
I0623 15:49:05.725900   162 mem_tracker.cc:912] Long wait for safe op id
I0623 15:49:05.725900   162 mem_tracker.cc:912] Long wait for safe op id
I0623 16:49:05.725900   162 mem_tracker.cc:912] Long wait for safe op id
I0623 14:44:05.725900   162 mem_tracker.cc:912] Number of aborted transactions not cleaned up on account of reaching size limits
I0623 14:44:05.725900   162 mem_tracker.cc:912] Number of aborted transactions not cleaned up on account of reaching size limits
I0623 14:44:05.725900   162 mem_tracker.cc:912] Number of aborted transactions not cleaned up on account of reaching size limits
I0623 14:44:05.725900   162 mem_tracker.cc:912] Number of aborted transactions not cleaned up on account of reaching size limits
I0623 15:44:05.725900   162 mem_tracker.cc:912] Number of aborted transactions not cleaned up on account of reaching size limits
I0623 15:44:05.725900   162 mem_tracker.cc:912] Number of aborted transactions not cleaned up on account of reaching size limits
I0623 15:44:05.725900   162 mem_tracker.cc:912] Number of aborted transactions not cleaned up on account of reaching size limits
I0623 15:44:05.725900   162 mem_tracker.cc:912] Number of aborted transactions not cleaned up on account of reaching size limits
I0623 15:44:05.725900   162 mem_tracker.cc:912] Number of aborted transactions not cleaned up on account of reaching size limits
I0623 15:44:05.725900   162 mem_tracker.cc:912] Number of aborted transactions not cleaned up on account of reaching size limits
I0623 16:44:05.725900   162 mem_tracker.cc:912] Number of aborted transactions not cleaned up on account of reaching size limits
I0623 16:44:05.725900   162 mem_tracker.cc:912] Number of aborted transactions not cleaned up on account of reaching size limits
I0623 16:44:05.725900   162 mem_tracker.cc:912] Number of aborted transactions not cleaned up on account of reaching size limits
I0623 16:44:05.725900   162 mem_tracker.cc:912] Number of aborted transactions not cleaned up on account of reaching size limits
I0623 16:44:05.725900   162 mem_tracker.cc:912] Number of aborted transactions not cleaned up on account of reaching size limits
I0623 16:44:05.725900   162 mem_tracker.cc:912] Number of aborted transactions not cleaned up on account of reaching size limits
I0623 17:44:05.725900   162 mem_tracker.cc:912] Number of aborted transactions not cleaned up on account of reaching size limits
I0623 17:44:05.725900   162 mem_tracker.cc:912] Number of aborted transactions not cleaned up on account of reaching size limits
I0623 17:44:05.725900   162 mem_tracker.cc:912] Number of aborted transactions not cleaned up on account of reaching size limits
I0623 17:44:05.725900   162 mem_tracker.cc:912] Number of aborted transactions not cleaned up on account of reaching size limits
I0623 17:44:05.725900   162 mem_tracker.cc:912] Number of aborted transactions not cleaned up on account of reaching size limits
I0623 17:44:05.725900   162 mem_tracker.cc:912] Number of aborted transactions not cleaned up on account of reaching size limits
I0623 16:44:05.725900   162 mem_tracker.cc:912] Number of aborted transactions not cleaned up on account of reaching size limits
I0623 16:44:05.725900   162 mem_tracker.cc:912] Number of aborted transactions not cleaned up on account of reaching size limits
I0623 16:44:05.725900   162 mem_tracker.cc:912] Number of aborted transactions not cleaned up on account of reaching size limits
I0623 15:44:05.725900   162 mem_tracker.cc:912] Number of aborted transactions not cleaned up on account of reaching size limits
I0623 15:44:05.725900   162 mem_tracker.cc:912] Number of aborted transactions not cleaned up on account of reaching size limits
I0623 16:44:05.725900   162 mem_tracker.cc:912] Number of aborted transactions not cleaned up on account of reaching size limits
I0623 16:44:05.725900   162 mem_tracker.cc:912] Number of aborted transactions not cleaned up on account of reaching size limits
I0623 14:45:05.725900   162 mem_tracker.cc:912] Rejecting CQL call: Soft memory limit exceeded (at 85.28% of capacity), score: 0.98
I0623 14:45:05.725900   162 mem_tracker.cc:912] Rejecting CQL call: Soft memory limit exceeded (at 85.28% of capacity), score: 0.98
I0623 14:45:05.725900   162 mem_tracker.cc:912] Rejecting CQL call: Soft memory limit exceeded (at 85.28% of capacity), score: 0.98
I0623 14:45:05.725900   162 mem_tracker.cc:912] Rejecting CQL call: Soft memory limit exceeded (at 85.28% of capacity), score: 0.98
I0623 14:45:05.725900   162 mem_tracker.cc:912] Rejecting CQL call: Soft memory limit exceeded (at 85.28% of capacity), score: 0.98
I0623 14:45:05.725900   162 mem_tracker.cc:912] Rejecting CQL call: Soft memory limit exceeded (at 85.28% of capacity), score: 0.98
I0623 14:45:05.725900   162 mem_tracker.cc:912] Rejecting CQL call: Soft memory limit exceeded (at 85.28% of capacity), score: 0.98
I0623 15:45:05.725900   162 mem_tracker.cc:912] Rejecting CQL call: Soft memory limit exceeded (at 85.28% of capacity), score: 0.98
I0623 15:45:05.725900   162 mem_tracker.cc:912] Rejecting CQL call: Soft memory limit exceeded (at 85.28% of capacity), score: 0.98
I0623 15:45:05.725900   162 mem_tracker.cc:912] Rejecting CQL call: Soft memory limit exceeded (at 85.28% of capacity), score: 0.98
I0623 15:45:05.725900   162 mem_tracker.cc:912] Rejecting CQL call: Soft memory limit exceeded (at 85.28% of capacity), score: 0.98
I0623 15:45:05.725900   162 mem_tracker.cc:912] Rejecting CQL call: Soft memory limit exceeded (at 85.28% of capacity), score: 0.98
I0623 15:45:05.725900   162 mem_tracker.cc:912] Rejecting CQL call: Soft memory limit exceeded (at 85.28% of capacity), score: 0.98
I0623 15:45:05.725900   162 mem_tracker.cc:912] Rejecting CQL call: Soft memory limit exceeded (at 85.28% of capacity), score: 0.98
I0623 15:45:05.725900   162 mem_tracker.cc:912] Rejecting CQL call: Soft memory limit exceeded (at 85.28% of capacity), score: 0.98
I0623 15:45:05.725900   162 mem_tracker.cc:912] Rejecting CQL call: Soft memory limit exceeded (at 85.28% of capacity), score: 0.98
I0623 14:45:05.725900   162 mem_tracker.cc:912] Rejecting CQL call: Soft memory limit exceeded (at 85.28% of capacity), score: 0.98
I0623 16:45:05.725900   162 mem_tracker.cc:912] Rejecting CQL call: Soft memory limit exceeded (at 85.28% of capacity), score: 0.98
I0623 16:45:05.725900   162 mem_tracker.cc:912] Rejecting CQL call: Soft memory limit exceeded (at 85.28% of capacity), score: 0.98
I0623 16:45:05.725900   162 mem_tracker.cc:912] Rejecting CQL call: Soft memory limit exceeded (at 85.28% of capacity), score: 0.98
I0623 16:45:05.725900   162 mem_tracker.cc:912] Rejecting CQL call: Soft memory limit exceeded (at 85.28% of capacity), score: 0.98
I0623 16:45:05.725900   162 mem_tracker.cc:912] Rejecting CQL call: Soft memory limit exceeded (at 85.28% of capacity), score: 0.98
I0623 16:45:05.725900   162 mem_tracker.cc:912] Rejecting CQL call: Soft memory limit exceeded (at 85.28% of capacity), score: 0.98
I0623 17:45:05.725900   162 mem_tracker.cc:912] Rejecting CQL call: Soft memory limit exceeded (at 85.28% of capacity), score: 0.98
I0623 17:45:05.725900   162 mem_tracker.cc:912] Rejecting CQL call: Soft memory limit exceeded (at 85.28% of capacity), score: 0.98
I0623 17:45:05.725900   162 mem_tracker.cc:912] Rejecting CQL call: Soft memory limit exceeded (at 85.28% of capacity), score: 0.98
I0623 17:45:05.725900   162 mem_tracker.cc:912] Rejecting CQL call: Soft memory limit exceeded (at 85.28% of capacity), score: 0.98
I0623 17:45:05.725900   162 mem_tracker.cc:912] Rejecting CQL call: Soft memory limit exceeded (at 85.28% of capacity), score: 0.98
I0623 17:45:05.725900   162 mem_tracker.cc:912] Rejecting CQL call: Soft memory limit exceeded (at 85.28% of capacity), score: 0.98
I0623 17:45:05.725900   162 mem_tracker.cc:912] Rejecting CQL call: Soft memory limit exceeded (at 85.28% of capacity), score: 0.98
I0623 17:45:05.725900   162 mem_tracker.cc:912] Rejecting CQL call: Soft memory limit exceeded (at 85.28% of capacity), score: 0.98
I0623 14:44:05.725900   162 mem_tracker.cc:912] SST files limit exceeded
I0623 14:44:05.725900   162 mem_tracker.cc:912] SST files limit exceeded
I0623 15:44:05.725900   162 mem_tracker.cc:912] SST files limit exceeded
I0623 15:44:05.725900   162 mem_tracker.cc:912] SST files limit exceeded
I0623 15:44:05.725900   162 mem_tracker.cc:912] SST files limit exceeded
I0623 15:44:05.725900   162 mem_tracker.cc:912] SST files limit exceeded
I0623 15:44:05.725900   162 mem_tracker.cc:912] SST files limit exceeded
I0623 15:44:05.725900   162 mem_tracker.cc:912] SST files limit exceeded
I0623 16:44:05.725900   162 mem_tracker.cc:912] SST files limit exceeded
I0623 16:44:05.725900   162 mem_tracker.cc:912] SST files limit exceeded
I0623 16:44:05.725900   162 mem_tracker.cc:912] SST files limit exceeded
I0623 16:44:05.725900   162 mem_tracker.cc:912] SST files limit exceeded
I0623 16:44:05.725900   162 mem_tracker.cc:912] SST files limit exceeded
I0623 16:44:05.725900   162 mem_tracker.cc:912] SST files limit exceeded
I0623 16:44:05.725900   162 mem_tracker.cc:912] SST files limit exceeded
I0623 16:44:05.725900   162 mem_tracker.cc:912] SST files limit exceeded
I0623 17:44:05.725900   162 mem_tracker.cc:912] SST files limit exceeded
I0623 17:44:05.725900   162 mem_tracker.cc:912] SST files limit exceeded
I0623 17:44:05.725900   162 mem_tracker.cc:912] SST files limit exceeded
I0623 17:44:05.725900   162 mem_tracker.cc:912] SST files limit exceeded
I0623 17:44:05.725900   162 mem_tracker.cc:912] SST files limit exceeded
I0623 17:44:05.725900   162 mem_tracker.cc:912] SST files limit exceeded
I0623 15:44:05.725900   162 mem_tracker.cc:912] SST files limit exceeded
I0623 15:44:05.725900   162 mem_tracker.cc:912] SST files limit exceeded
I0623 15:44:05.725900   162 mem_tracker.cc:912] SST files limit exceeded
I0623 15:44:05.725900   162 mem_tracker.cc:912] SST files limit exceeded
I0623 15:44:05.725900   162 mem_tracker.cc:912] SST files limit exceeded
I0623 15:44:05.725900   162 mem_tracker.cc:912] SST files limit exceeded
I0623 14:44:05.725900   162 mem_tracker.cc:912] SST files limit exceeded
I0623 14:44:05.725900   162 mem_tracker.cc:912] SST files limit exceeded
I0623 14:49:05.725900   162 mem_tracker.cc:912] Too big clock skew is detected
I0623 14:49:05.725900   162 mem_tracker.cc:912] Too big clock skew is detected
I0623 14:49:05.725900   162 mem_tracker.cc:912] Too big clock skew is detected
I0623 14:49:05.725900   162 mem_tracker.cc:912] Too big clock skew is detected
I0623 14:49:05.725900   162 mem_tracker.cc:912] Too big clock skew is detected
I0623 14:49:05.725900   162 mem_tracker.cc:912] Too big clock skew is detected
I0623 14:49:05.725900   162 mem_tracker.cc:912] Too big clock skew is detected
I0623 16:49:05.725900   162 mem_tracker.cc:912] Too big clock skew is detected
I0623 16:49:05.725900   162 mem_tracker.cc:912] Too big clock skew is detected
I0623 16:49:05.725900   162 mem_tracker.cc:912] Too big clock skew is detected
I0623 16:49:05.725900   162 mem_tracker.cc:912] Too big clock skew is detected
I0623 16:49:05.725900   162 mem_tracker.cc:912] Too big clock skew is detected
I0623 16:49:05.725900   162 mem_tracker.cc:912] Too big clock skew is detected
I0623 16:49:05.725900   162 mem_tracker.cc:912] Too big clock skew is detected
I0623 16:49:05.725900   162 mem_tracker.cc:912] Too big clock skew is detected
I0623 16:49:05.725900   162 mem_tracker.cc:912] Too big clock skew is detected
I0623 15:49:05.725900   162 mem_tracker.cc:912] Too big clock skew is detected
I0623 15:49:05.725900   162 mem_tracker.cc:912] Too big clock skew is detected
I0623 15:49:05.725900   162 mem_tracker.cc:912] Too big clock skew is detected
I0623 15:49:05.725900   162 mem_tracker.cc:912] Too big clock skew is detected
I0623 15:49:05.725900   162 mem_tracker.cc:912] Too big clock skew is detected
I0623 15:49:05.725900   162 mem_tracker.cc:912] Too big clock skew is detected
I0623 15:49:05.725900   162 mem_tracker.cc:912] Too big clock skew is detected
I0623 15:49:05.725900   162 mem_tracker.cc:912] Too big clock skew is detected
I0623 15:49:05.725900   162 mem_tracker.cc:912] Too big clock skew is detected
I0623 17:49:05.725900   162 mem_tracker.cc:912] Too big clock skew is detected
I0623 17:49:05.725900   162 mem_tracker.cc:912] Too big clock skew is detected
I0623 17:49:05.725900   162 mem_tracker.cc:912] Too big clock skew is detected
I0623 17:49:05.725900   162 mem_tracker.cc:912] Too big clock skew is detected
I0623 17:49:05.725900   162 mem_tracker.cc:912] Too big clock skew is detected
I0623 14:49:05.725900   162 mem_tracker.cc:912] Operation memory consumption has exceeded its limit
I0623 14:49:05.725900   162 mem_tracker.cc:912] Operation memory consumption has exceeded its limit
I0623 14:49:05.725900   162 mem_tracker.cc:912] Operation memory consumption has exceeded its limit
I0623 14:49:05.725900   162 mem_tracker.cc:912] Operation memory consumption has exceeded its limit
I0623 14:49:05.725900   162 mem_tracker.cc:912] Operation memory consumption has exceeded its limit
I0623 14:49:05.725900   162 mem_tracker.cc:912] Operation memory consumption has exceeded its limit
I0623 14:49:05.725900   162 mem_tracker.cc:912] Operation memory consumption has exceeded its limit
I0623 14:49:05.725900   162 mem_tracker.cc:912] Operation memory consumption has exceeded its limit
I0623 14:49:05.725900   162 mem_tracker.cc:912] Operation memory consumption has exceeded its limit
I0623 14:49:05.725900   162 mem_tracker.cc:912] Operation memory consumption has exceeded its limit
I0623 14:49:05.725900   162 mem_tracker.cc:912] Operation memory consumption has exceeded its limit
I0623 15:49:05.725900   162 mem_tracker.cc:912] Operation memory consumption has exceeded its limit
I0623 15:49:05.725900   162 mem_tracker.cc:912] Operation memory consumption has exceeded its limit
I0623 15:49:05.725900   162 mem_tracker.cc:912] Operation memory consumption has exceeded its limit
I0623 15:49:05.725900   162 mem_tracker.cc:912] Operation memory consumption has exceeded its limit
I0623 15:49:05.725900   162 mem_tracker.cc:912] Operation memory consumption has exceeded its limit
I0623 15:49:05.725900   162 mem_tracker.cc:912] Operation memory consumption has exceeded its limit
I0623 15:49:05.725900   162 mem_tracker.cc:912] Operation memory consumption has exceeded its limit
I0623 15:49:05.725900   162 mem_tracker.cc:912] Operation memory consumption has exceeded its limit
I0623 15:49:05.725900   162 mem_tracker.cc:912] Operation memory consumption has exceeded its limit
I0623 15:49:05.725900   162 mem_tracker.cc:912] Operation memory consumption has exceeded its limit
I0623 17:49:05.725900   162 mem_tracker.cc:912] Operation memory consumption has exceeded its limit
I0623 17:49:05.725900   162 mem_tracker.cc:912] Operation memory consumption has exceeded its limit
I0623 17:49:05.725900   162 mem_tracker.cc:912] Operation memory consumption has exceeded its limit
I0623 17:49:05.725900   162 mem_tracker.cc:912] Operation memory consumption has exceeded its limit
I0623 17:49:05.725900   162 mem_tracker.cc:912] Operation memory consumption has exceeded its limit
I0623 16:49:05.725900   162 mem_tracker.cc:912] Operation memory consumption has exceeded its limit
I0623 16:49:05.725900   162 mem_tracker.cc:912] Operation memory consumption has exceeded its limit
I0623 16:49:05.725900   162 mem_tracker.cc:912] Operation memory consumption has exceeded its limit
I0623 16:49:05.725900   162 mem_tracker.cc:912] Operation memory consumption has exceeded its limit
W0623 14:20:39.374562  6320 column_family.cc:576] T 00000000000000000000000000000000 P 0b560d04e4d5427aafca43e986e2d849 [R]: [default] Stopping writes because we have 2 immutable memtables (waiting for flush), max_write_buffer_number is set to 2
W0623 14:20:39.374562  6320 column_family.cc:576] T 00000000000000000000000000000000 P 0b560d04e4d5427aafca43e986e2d849 [R]: [default] Stopping writes because we have 2 immutable memtables (waiting for flush), max_write_buffer_number is set to 2
W0623 14:20:39.374562  6320 column_family.cc:576] T 00000000000000000000000000000000 P 0b560d04e4d5427aafca43e986e2d849 [R]: [default] Stopping writes because we have 2 immutable memtables (waiting for flush), max_write_buffer_number is set to 2
W0623 14:20:39.374562  6320 column_family.cc:576] T 00000000000000000000000000000000 P 0b560d04e4d5427aafca43e986e2d849 [R]: [default] Stopping writes because we have 2 immutable memtables (waiting for flush), max_write_buffer_number is set to 2
W0623 14:20:39.374562  6320 column_family.cc:576] T 00000000000000000000000000000000 P 0b560d04e4d5427aafca43e986e2d849 [R]: [default] Stopping writes because we have 2 immutable memtables (waiting for flush), max_write_buffer_number is set to 2
W0623 14:20:39.374562  6320 column_family.cc:576] T 00000000000000000000000000000000 P 0b560d04e4d5427aafca43e986e2d849 [R]: [default] Stopping writes because we have 2 immutable memtables (waiting for flush), max_write_buffer_number is set to 2
W0623 14:20:39.374562  6320 column_family.cc:576] T 00000000000000000000000000000000 P 0b560d04e4d5427aafca43e986e2d849 [R]: [default] Stopping writes because we have 2 immutable memtables (waiting for flush), max_write_buffer_number is set to 2
W0623 14:20:39.374562  6320 column_family.cc:576] T 00000000000000000000000000000000 P 0b560d04e4d5427aafca43e986e2d849 [R]: [default] Stopping writes because we have 2 immutable memtables (waiting for flush), max_write_buffer_number is set to 2
W0623 14:20:39.374562  6320 column_family.cc:576] T 00000000000000000000000000000000 P 0b560d04e4d5427aafca43e986e2d849 [R]: [default] Stopping writes because we have 2 immutable memtables (waiting for flush), max_write_buffer_number is set to 2
W0623 17:20:39.374562  6320 column_family.cc:576] T 00000000000000000000000000000000 P 0b560d04e4d5427aafca43e986e2d849 [R]: [default] Stopping writes because we have 2 immutable memtables (waiting for flush), max_write_buffer_number is set to 2
W0623 17:20:39.374562  6320 column_family.cc:576] T 00000000000000000000000000000000 P 0b560d04e4d5427aafca43e986e2d849 [R]: [default] Stopping writes because we have 2 immutable memtables (waiting for flush), max_write_buffer_number is set to 2
W0623 17:20:39.374562  6320 column_family.cc:576] T 00000000000000000000000000000000 P 0b560d04e4d5427aafca43e986e2d849 [R]: [default] Stopping writes because we have 2 immutable memtables (waiting for flush), max_write_buffer_number is set to 2
W0623 17:20:39.374562  6320 column_family.cc:576] T 00000000000000000000000000000000 P 0b560d04e4d5427aafca43e986e2d849 [R]: [default] Stopping writes because we have 2 immutable memtables (waiting for flush), max_write_buffer_number is set to 2
W0623 17:20:39.374562  6320 column_family.cc:576] T 00000000000000000000000000000000 P 0b560d04e4d5427aafca43e986e2d849 [R]: [default] Stopping writes because we have 2 immutable memtables (waiting for flush), max_write_buffer_number is set to 2
W0623 17:20:39.374562  6320 column_family.cc:576] T 00000000000000000000000000000000 P 0b560d04e4d5427aafca43e986e2d849 [R]: [default] Stopping writes because we have 2 immutable memtables (waiting for flush), max_write_buffer_number is set to 2
W0623 17:20:39.374562  6320 column_family.cc:576] T 00000000000000000000000000000000 P 0b560d04e4d5427aafca43e986e2d849 [R]: [default] Stopping writes because we have 2 immutable memtables (waiting for flush), max_write_buffer_number is set to 2
W0623 17:20:39.374562  6320 column_family.cc:576] T 00000000000000000000000000000000 P 0b560d04e4d5427aafca43e986e2d849 [R]: [default] Stopping writes because we have 2 immutable memtables (waiting for flush), max_write_buffer_number is set to 2
W0623 17:20:39.374562  6320 column_family.cc:576] T 00000000000000000000000000000000 P 0b560d04e4d5427aafca43e986e2d849 [R]: [default] Stopping writes because we have 2 immutable memtables (waiting for flush), max_write_buffer_number is set to 2
W0623 16:20:39.374562  6320 column_family.cc:576] T 00000000000000000000000000000000 P 0b560d04e4d5427aafca43e986e2d849 [R]: [default] Stopping writes because we have 2 immutable memtables (waiting for flush), max_write_buffer_number is set to 2
W0623 16:20:39.374562  6320 column_family.cc:576] T 00000000000000000000000000000000 P 0b560d04e4d5427aafca43e986e2d849 [R]: [default] Stopping writes because we have 2 immutable memtables (waiting for flush), max_write_buffer_number is set to 2
W0623 16:20:39.374562  6320 column_family.cc:576] T 00000000000000000000000000000000 P 0b560d04e4d5427aafca43e986e2d849 [R]: [default] Stopping writes because we have 2 immutable memtables (waiting for flush), max_write_buffer_number is set to 2
W0623 16:20:39.374562  6320 column_family.cc:576] T 00000000000000000000000000000000 P 0b560d04e4d5427aafca43e986e2d849 [R]: [default] Stopping writes because we have 2 immutable memtables (waiting for flush), max_write_buffer_number is set to 2
W0623 16:20:39.374562  6320 column_family.cc:576] T 00000000000000000000000000000000 P 0b560d04e4d5427aafca43e986e2d849 [R]: [default] Stopping writes because we have 2 immutable memtables (waiting for flush), max_write_buffer_number is set to 2
W0623 16:20:39.374562  6320 column_family.cc:576] T 00000000000000000000000000000000 P 0b560d04e4d5427aafca43e986e2d849 [R]: [default] Stopping writes because we have 2 immutable memtables (waiting for flush), max_write_buffer_number is set to 2
W0623 16:20:39.374562  6320 column_family.cc:576] T 00000000000000000000000000000000 P 0b560d04e4d5427aafca43e986e2d849 [R]: [default] Stopping writes because we have 2 immutable memtables (waiting for flush), max_write_buffer_number is set to 2
W0623 16:20:39.374562  6320 column_family.cc:576] T 00000000000000000000000000000000 P 0b560d04e4d5427aafca43e986e2d849 [R]: [default] Stopping writes because we have 2 immutable memtables (waiting for flush), max_write_buffer_number is set to 2
W0623 16:20:39.374562  6320 column_family.cc:576] T 00000000000000000000000000000000 P 0b560d04e4d5427aafca43e986e2d849 [R]: [default] Stopping writes because we have 2 immutable memtables (waiting for flush), max_write_buffer_number is set to 2
W0623 15:20:39.374562  6320 column_family.cc:576] T 00000000000000000000000000000000 P 0b560d04e4d5427aafca43e986e2d849 [R]: [default] Stopping writes because we have 2 immutable memtables (waiting for flush), max_write_buffer_number is set to 2
W0623 15:20:39.374562  6320 column_family.cc:576] T 00000000000000000000000000000000 P 0b560d04e4d5427aafca43e986e2d849 [R]: [default] Stopping writes because we have 2 immutable memtables (waiting for flush), max_write_buffer_number is set to 2
W0623 15:20:39.374562  6320 column_family.cc:576] T 00000000000000000000000000000000 P 0b560d04e4d5427aafca43e986e2d849 [R]: [default] Stopping writes because we have 2 immutable memtables (waiting for flush), max_write_buffer_number is set to 2
I0623 14:44:05.725900   162 mem_tracker.cc:912] Soft memory limit exceeded
I0623 14:44:05.725900   162 mem_tracker.cc:912] Soft memory limit exceeded
I0623 15:44:05.725900   162 mem_tracker.cc:912] Soft memory limit exceeded
I0623 15:44:05.725900   162 mem_tracker.cc:912] Soft memory limit exceeded
I0623 15:44:05.725900   162 mem_tracker.cc:912] Soft memory limit exceeded
I0623 15:44:05.725900   162 mem_tracker.cc:912] Soft memory limit exceeded
I0623 15:44:05.725900   162 mem_tracker.cc:912] Soft memory limit exceeded
I0623 15:44:05.725900   162 mem_tracker.cc:912] Soft memory limit exceeded
I0623 16:44:05.725900   162 mem_tracker.cc:912] Soft memory limit exceeded
I0623 16:44:05.725900   162 mem_tracker.cc:912] Soft memory limit exceeded
I0623 16:44:05.725900   162 mem_tracker.cc:912] Soft memory limit exceeded
I0623 16:44:05.725900   162 mem_tracker.cc:912] Soft memory limit exceeded
I0623 16:44:05.725900   162 mem_tracker.cc:912] Soft memory limit exceeded
I0623 16:44:05.725900   162 mem_tracker.cc:912] Soft memory limit exceeded
I0623 16:44:05.725900   162 mem_tracker.cc:912] Soft memory limit exceeded
I0623 16:44:05.725900   162 mem_tracker.cc:912] Soft memory limit exceeded
I0623 17:44:05.725900   162 mem_tracker.cc:912] Soft memory limit exceeded
I0623 17:44:05.725900   162 mem_tracker.cc:912] Soft memory limit exceeded
I0623 17:44:05.725900   162 mem_tracker.cc:912] Soft memory limit exceeded
I0623 17:44:05.725900   162 mem_tracker.cc:912] Soft memory limit exceeded
I0623 17:44:05.725900   162 mem_tracker.cc:912] Soft memory limit exceeded
I0623 17:44:05.725900   162 mem_tracker.cc:912] Soft memory limit exceeded
I0623 15:44:05.725900   162 mem_tracker.cc:912] Soft memory limit exceeded
I0623 15:44:05.725900   162 mem_tracker.cc:912] Soft memory limit exceeded
I0623 15:44:05.725900   162 mem_tracker.cc:912] Soft memory limit exceeded
I0623 15:44:05.725900   162 mem_tracker.cc:912] Soft memory limit exceeded
I0623 15:44:05.725900   162 mem_tracker.cc:912] Soft memory limit exceeded
I0623 15:44:05.725900   162 mem_tracker.cc:912] Soft memory limit exceeded
I0623 14:44:05.725900   162 mem_tracker.cc:912] Soft memory limit exceeded
I0623 14:44:05.725900   162 mem_tracker.cc:912] Soft memory limit exceeded