Skipping file sample_logs/sample_INFO.png as it is not a text file
Skipping file sample_logs/sample_INFO.png as it is not a text file
Skipping file sample_logs/sample_INFO.png as it is not a text file
Number of files to analyze:4
Analyzing file sample_logs/sample_INFO_2.log.gz
Analyzing file sample_logs/sample_INFO.png
Skipping file sample_logs/sample_INFO.png as it is not a text file
Analyzing file sample_logs/sample_INFO_3.log
Analyzing file sample_logs/nested_sample/sample_INFO_1.log
Finished analyzing file sample_logs/sample_INFO_2.log.gz
Finished analyzing file sample_logs/nested_sample/sample_INFO_1.log
Finished analyzing file sample_logs/sample_INFO_3.log
Analysis complete. Results are in test.html
Number of files to analyze:4
Analyzing file sample_logs/sample_INFO_2.log.gz
Finished analyzing file sample_logs/sample_INFO_2.log.gz
Analyzing file sample_logs/sample_INFO.png
Skipping file sample_logs/sample_INFO.png as it is not a text file
Analyzing file sample_logs/sample_INFO_3.log
Analyzing file sample_logs/nested_sample/sample_INFO_1.log
Finished analyzing file sample_logs/sample_INFO_3.log
Finished analyzing file sample_logs/nested_sample/sample_INFO_1.log
Analysis complete. Results are in test.html
Number of files to analyze:4
Analyzing file sample_logs/sample_INFO_2.log.gz
Analyzing file sample_logs/sample_INFO.png
Skipping file sample_logs/sample_INFO.png as it is not a text file
Analyzing file sample_logs/sample_INFO_3.log
Analyzing file sample_logs/nested_sample/sample_INFO_1.log
Finished analyzing file sample_logs/sample_INFO_2.log.gz
Finished analyzing file sample_logs/nested_sample/sample_INFO_1.log
Finished analyzing file sample_logs/sample_INFO_3.log
Analysis complete. Results are in test.html
